<?xml version="1.0" encoding="UTF-8"?>
<!-- Generated by org.testng.reporters.JUnitReportReporter -->
<testsuite hostname="Shaheens-iMac.lan" failures="0" tests="6" name="papiyaSul.LinktoData" time="0.013" errors="0" timestamp="2023-02-16T01:41:31 EST" skipped="0">
  <testcase classname="papiyaSul.LinktoData" name="strstring" time="0.001"/>
  <system-out/>
  <testcase classname="papiyaSul.LinktoData" name="Test01" time="0.001"/>
  <system-out/>
  <testcase classname="papiyaSul.LinktoData" name="strstring" time="0.001"/>
  <system-out/>
  <testcase classname="papiyaSul.LinktoData" name="Test01" time="0.001"/>
  <system-out/>
  <testcase classname="papiyaSul.LinktoData" name="strstring" time="0.002"/>
  <system-out/>
  <testcase classname="papiyaSul.LinktoData" name="Test01" time="0.007"/>
  <system-out/>
</testsuite> <!-- papiyaSul.LinktoData -->
