<?xml version="1.0" encoding="UTF-8"?>
<!-- Generated by org.testng.reporters.JUnitReportReporter -->
<testsuite hostname="Shaheens-iMac.lan" failures="0" tests="1" name="com.inetBanking.testCases.tc001" time="0.054" errors="0" timestamp="2023-03-19T00:46:34 EDT" skipped="0">
  <testcase classname="com.inetBanking.testCases.tc001" name="testLoger" time="0.054"/>
  <system-out/>
</testsuite> <!-- com.inetBanking.testCases.tc001 -->
