<?xml version="1.0" encoding="UTF-8"?>
<!-- Generated by org.testng.reporters.JUnitReportReporter -->
<testsuite hostname="Shaheens-iMac.lan" failures="0" tests="2" name="RealTime.AmazonSignInPage" time="52.491" errors="0" timestamp="2023-03-23T02:23:53 EDT" skipped="0">
  <testcase classname="RealTime.AmazonSignInPage" name="verifySignIn" time="0.001"/>
  <system-out/>
  <testcase classname="RealTime.AmazonSignInPage" name="iphoneImage" time="52.490"/>
  <system-out/>
</testsuite> <!-- RealTime.AmazonSignInPage -->
