<?xml version="1.0" encoding="UTF-8"?>
<!-- Generated by org.testng.reporters.JUnitReportReporter -->
<testsuite hostname="Shaheens-iMac.lan" failures="0" tests="1" name="RealTime.DragAndDrop" time="32.008" errors="0" timestamp="2023-03-20T01:57:18 EDT" skipped="0">
  <testcase classname="RealTime.DragAndDrop" name="LoanEmiTest" time="32.008"/>
  <system-out/>
</testsuite> <!-- RealTime.DragAndDrop -->
