<?xml version="1.0" encoding="UTF-8"?>
<!-- Generated by org.testng.reporters.JUnitReportReporter -->
<testsuite hostname="Shaheens-iMac.lan" failures="0" tests="1" name="RealTime.AutomateToast" time="76.925" errors="0" timestamp="2023-03-22T00:13:54 EDT" skipped="0">
  <testcase classname="RealTime.AutomateToast" name="AutomateToast" time="76.925"/>
  <system-out/>
</testsuite> <!-- RealTime.AutomateToast -->
