<?xml version="1.0" encoding="UTF-8"?>
<!-- Generated by org.testng.reporters.JUnitReportReporter -->
<testsuite hostname="Shaheens-iMac.lan" failures="0" tests="1" name="RealTime.BootstrapDropDown" time="35.172" errors="0" timestamp="2023-03-26T22:56:21 EDT" skipped="0">
  <testcase classname="RealTime.BootstrapDropDown" name="DemoDrop" time="35.172"/>
  <system-out/>
</testsuite> <!-- RealTime.BootstrapDropDown -->
