<?xml version="1.0" encoding="UTF-8"?>
<!-- Generated by org.testng.reporters.JUnitReportReporter -->
<testsuite hostname="Shaheens-iMac.lan" failures="0" tests="1" name="RealTime.automateEdu" time="35.076" errors="0" timestamp="2023-03-26T02:49:22 EDT" skipped="0">
  <testcase classname="RealTime.automateEdu" name="automaTion" time="35.076"/>
  <system-out/>
</testsuite> <!-- RealTime.automateEdu -->
