<?xml version="1.0" encoding="UTF-8"?>
<!-- Generated by org.testng.reporters.JUnitReportReporter -->
<testsuite hostname="Shaheens-iMac.lan" failures="0" tests="3" name="TestngScript.Assertion" time="0.022" errors="0" timestamp="2023-02-14T00:45:51 EST" skipped="0">
  <testcase classname="TestngScript.Assertion" name="AssertTrue" time="0.001"/>
  <system-out/>
  <testcase classname="TestngScript.Assertion" name="AssertFalse" time="0.020"/>
  <system-out/>
  <testcase classname="TestngScript.Assertion" name="testAssertEqual" time="0.001"/>
  <system-out/>
</testsuite> <!-- TestngScript.Assertion -->
