<?xml version="1.0" encoding="UTF-8"?>
<!-- Generated by org.testng.reporters.JUnitReportReporter -->
<testsuite hostname="Shaheens-iMac.lan" failures="0" tests="1" name="TestngScript.Testgb" time="0.016" errors="0" timestamp="2023-02-11T14:04:30 EST" skipped="0">
  <testcase classname="TestngScript.Testgb" name="FacultyBrokenLinks" time="0.016"/>
  <system-out/>
</testsuite> <!-- TestngScript.Testgb -->
