<?xml version="1.0" encoding="UTF-8"?>
<!-- Generated by org.testng.reporters.JUnitReportReporter -->
<testsuite hostname="Shaheens-iMac.lan" failures="0" tests="2" name="TestngScript.p3" time="0.001" errors="0" timestamp="2023-02-11T15:35:17 EST" skipped="0">
  <testcase classname="TestngScript.p3" name="FacultyBrokenLink" time="0.000"/>
  <system-out/>
  <testcase classname="TestngScript.p3" name="FacultyLogin" time="0.001"/>
  <system-out/>
</testsuite> <!-- TestngScript.p3 -->
