<?xml version="1.0" encoding="UTF-8"?>
<!-- Generated by org.testng.reporters.JUnitReportReporter -->
<testsuite hostname="Shaheens-iMac.lan" failures="0" tests="1" name="TestngScript.Testdep" time="8.787" errors="0" timestamp="2023-02-11T01:44:36 EST" skipped="0">
  <testcase classname="TestngScript.Testdep" name="loginapp" time="8.787"/>
  <system-out/>
</testsuite> <!-- TestngScript.Testdep -->
