<?xml version="1.0" encoding="UTF-8"?>
<!-- Generated by org.testng.reporters.JUnitReportReporter -->
<testsuite hostname="Shaheens-iMac.local" failures="0" tests="3" name="TestngScript.FirstTestngscript" time="0.009" errors="0" timestamp="2023-01-27T00:35:01 EST" skipped="0">
  <testcase classname="TestngScript.FirstTestngscript" name="selectItems" time="0.001"/>
  <system-out/>
  <testcase classname="TestngScript.FirstTestngscript" name="selectCode" time="0.001"/>
  <system-out/>
  <testcase classname="TestngScript.FirstTestngscript" name="loginApplication" time="0.007"/>
  <system-out/>
</testsuite> <!-- TestngScript.FirstTestngscript -->
