<?xml version="1.0" encoding="UTF-8"?>
<!-- Generated by org.testng.reporters.JUnitReportReporter -->
<testsuite hostname="Shaheens-iMac.lan" failures="0" tests="2" name="TestngScript.p2" time="0.007" errors="0" timestamp="2023-02-12T00:59:33 EST" skipped="0">
  <testcase classname="TestngScript.p2" name="PlacementBrokenlinks" time="0.001"/>
  <system-out/>
  <testcase classname="TestngScript.p2" name="PlacementLogin" time="0.006"/>
  <system-out/>
</testsuite> <!-- TestngScript.p2 -->
