<?xml version="1.0" encoding="UTF-8"?>
<!-- Generated by org.testng.reporters.JUnitReportReporter -->
<testsuite hostname="Shaheens-iMac.lan" failures="0" tests="1" name="TestngScript.p1" time="0.006" errors="0" timestamp="2023-02-11T15:35:17 EST" skipped="0">
  <testcase classname="TestngScript.p1" name="AdmissionBrokenLinks" time="0.006"/>
  <system-out/>
</testsuite> <!-- TestngScript.p1 -->
