<?xml version="1.0" encoding="UTF-8"?>
<!-- Generated by org.testng.reporters.JUnitReportReporter -->
<testsuite hostname="Shaheens-iMac.lan" failures="0" tests="3" name="TestngScript.Sataprovider" time="0.013" errors="0" timestamp="2023-04-06T23:07:05 EDT" skipped="0">
  <testcase classname="TestngScript.Sataprovider" name="AdmissionLogin" time="0.001"/>
  <system-out/>
  <testcase classname="TestngScript.Sataprovider" name="AdmissionLogin" time="0.011"/>
  <system-out/>
  <testcase classname="TestngScript.Sataprovider" name="AdmissionLogin" time="0.001"/>
  <system-out/>
</testsuite> <!-- TestngScript.Sataprovider -->
