<?xml version="1.0" encoding="UTF-8"?>
<!-- Generated by org.testng.reporters.JUnitReportReporter -->
<testsuite hostname="Shaheens-iMac.lan" failures="0" tests="3" name="Selenium.Dropdown" time="0.006" errors="0" timestamp="2023-03-03T02:38:03 EST" skipped="3">
  <testcase classname="Selenium.Dropdown" name="testCaseSkipException" time="0.001">
    <skipped/>
  </testcase> <!-- testCaseSkipException -->
  <system-out/>
  <testcase classname="Selenium.Dropdown" name="testCaseConditionalSkipException" time="0.005">
    <skipped/>
  </testcase> <!-- testCaseConditionalSkipException -->
  <system-out/>
  <testcase classname="Selenium.Dropdown" name="testCaseEnabling">
    <skipped/>
  </testcase> <!-- testCaseEnabling -->
  <system-out/>
</testsuite> <!-- Selenium.Dropdown -->
